<?xml version="1.0" encoding="UTF-8"?>
<!-- Generated by org.testng.reporters.JUnitReportReporter -->
<testsuite hostname="DESKTOP-06A2QM2" failures="0" tests="10" name="com.amazon.tests.SearchBoxTest" time="63.443" errors="0" timestamp="2025-08-21T09:43:49 IST" skipped="0">
  <testcase classname="com.amazon.tests.SearchBoxTest" name="testValidProductSearch" time="8.036"/>
  <testcase classname="com.amazon.tests.SearchBoxTest" name="testEmptySearch" time="6.225"/>
  <testcase classname="com.amazon.tests.SearchBoxTest" name="testSingleCharSuggestions" time="2.116"/>
  <testcase classname="com.amazon.tests.SearchBoxTest" name="testSingleCharTenSuggestions" time="1.064"/>
  <testcase classname="com.amazon.tests.SearchBoxTest" name="testSelectSuggestion" time="7.743"/>
  <testcase classname="com.amazon.tests.SearchBoxTest" name="testTwoCharSuggestions" time="1.872"/>
  <testcase classname="com.amazon.tests.SearchBoxTest" name="testRepeatedWordSearch" time="10.195"/>
  <testcase classname="com.amazon.tests.SearchBoxTest" name="testRandomCharacterSearch" time="8.537"/>
  <testcase classname="com.amazon.tests.SearchBoxTest" name="testLongStringSearch" time="9.020"/>
  <testcase classname="com.amazon.tests.SearchBoxTest" name="testCombinationSearch" time="8.635"/>
</testsuite> <!-- com.amazon.tests.SearchBoxTest -->
